Clarity Server running on Port 3000
[2026-03-06T13:53:26.877Z] GET /admin
[2026-03-06T13:53:26.927Z] GET /static/css/style.css
[2026-03-06T13:53:26.929Z] GET /static/js/auth.js
[2026-03-06T13:53:26.932Z] GET /assets/pictures/clarity_logo.png
[2026-03-06T13:53:26.934Z] GET /static/js/dashboard.js
[2026-03-06T13:53:26.943Z] GET /api/config?user_id=1&company_id=1
[2026-03-06T13:53:26.945Z] GET /static/js/sidebar-admin.js
[2026-03-06T13:53:26.946Z] GET /api/config
[2026-03-06T13:53:26.953Z] GET /api/config
[2026-03-06T13:53:26.955Z] GET /api/invites?company_id=1&requester_id=1
[2026-03-06T13:53:26.957Z] GET /api/companies/context?company_id=1&requester_id=1
[2026-03-06T13:53:26.958Z] GET /assets/pictures/favicon.png
[2026-03-06T13:53:26.959Z] GET /api/users?company_id=1&requester_id=1&search=&role=all&limit=20&offset=0
[2026-03-06T13:53:26.969Z] GET /api/config
[2026-03-06T13:53:27.799Z] GET /dashboard
[2026-03-06T13:53:27.835Z] GET /static/css/style.css
[2026-03-06T13:53:27.837Z] GET /static/js/auth.js
[2026-03-06T13:53:27.839Z] GET /assets/pictures/clarity_logo.png
[2026-03-06T13:53:27.852Z] GET /static/js/category-manager.js
[2026-03-06T13:53:27.861Z] GET /static/js/index-manager.js
[2026-03-06T13:53:27.863Z] GET /api/config?user_id=1&company_id=1
[2026-03-06T13:53:27.864Z] GET /static/js/dashboard.js
[2026-03-06T13:53:27.865Z] GET /static/js/sidebar-admin.js
[2026-03-06T13:53:27.866Z] GET /static/js/data-manager.js
[2026-03-06T13:53:27.866Z] GET /static/js/forecast-engine.js
[2026-03-06T13:53:27.869Z] GET /static/js/transactions.js
[2026-03-06T13:53:27.869Z] GET /assets/icons/joule_logo.png
[2026-03-06T13:53:27.871Z] GET /static/js/dashboard-metrics.js
[2026-03-06T13:53:27.871Z] GET /static/js/ai-chat.js
[2026-03-06T13:53:27.878Z] GET /api/config
[2026-03-06T13:53:27.938Z] GET /api/config
[2026-03-06T13:53:27.939Z] GET /api/config
[2026-03-06T13:53:27.949Z] GET /api/categories?company_id=1
[2026-03-06T13:53:28.481Z] GET /api/transactions/index-status?company_id=1&requester_id=1
[2026-03-06T13:53:28.488Z] GET /api/transactions/index-status?company_id=1&requester_id=1
[2026-03-06T13:53:37.597Z] POST /api/chat
[2026-03-06T13:54:03.684Z] POST /api/chat
[2026-03-06T13:55:48.429Z] GET /dashboard
[2026-03-06T13:55:48.452Z] GET /static/css/style.css
[2026-03-06T13:55:48.455Z] GET /static/js/auth.js
[2026-03-06T13:55:48.456Z] GET /assets/pictures/clarity_logo.png
[2026-03-06T13:55:48.464Z] GET /static/js/category-manager.js
[2026-03-06T13:55:48.472Z] GET /static/js/index-manager.js
[2026-03-06T13:55:48.472Z] GET /static/js/dashboard.js
[2026-03-06T13:55:48.475Z] GET /api/config?user_id=1&company_id=1
[2026-03-06T13:55:48.475Z] GET /static/js/sidebar-admin.js
[2026-03-06T13:55:48.477Z] GET /static/js/dashboard-metrics.js
[2026-03-06T13:55:48.478Z] GET /static/js/data-manager.js
[2026-03-06T13:55:48.479Z] GET /static/js/forecast-engine.js
[2026-03-06T13:55:48.480Z] GET /static/js/transactions.js
[2026-03-06T13:55:48.481Z] GET /assets/icons/joule_logo.png
[2026-03-06T13:55:48.481Z] GET /static/js/ai-chat.js
[2026-03-06T13:55:48.487Z] GET /api/config
[2026-03-06T13:55:48.489Z] GET /api/config
[2026-03-06T13:55:48.522Z] GET /api/config
[2026-03-06T13:55:48.937Z] GET /assets/pictures/favicon.png
[2026-03-06T13:55:48.938Z] GET /api/transactions/index-status?company_id=1&requester_id=1
[2026-03-06T13:55:48.944Z] GET /api/transactions/index-status?company_id=1&requester_id=1
[2026-03-06T13:55:53.551Z] POST /api/chat
